1678590588884	geckodriver	INFO	Listening on 127.0.0.1:50397
1678590591984	mozrunner::runner	INFO	Running command: "C:\\Program Files\\Mozilla Firefox\\firefox.exe" "--marionette" "--remote-debugging-port" "50398" "--remote-allow-hosts" "localhost" "-no-remote" "-profile" "C:\\Users\\asroc\\AppData\\Local\\Temp\\rust_mozprofilewSEPJp"
console.warn: services.settings: Ignoring preference override of remote settings server
console.warn: services.settings: Allow by setting MOZ_REMOTE_SETTINGS_DEVTOOLS=1 in the environment
1678590592833	Marionette	INFO	Marionette enabled
Dynamically enable window occlusion 0
1678590592848	Marionette	INFO	Listening on port 50407
Read port: 50407
WebDriver BiDi listening on ws://127.0.0.1:50398
1678590593345	RemoteAgent	WARN	TLS certificate errors will be ignored for this session
console.warn: SearchSettings: "get: No settings file exists, new profile?" (new NotFoundError("Could not open the file at C:\\Users\\asroc\\AppData\\Local\\Temp\\rust_mozprofilewSEPJp\\search.json.mozlz4", (void 0)))
DevTools listening on ws://127.0.0.1:50398/devtools/browser/860d2aae-964e-4230-bb7f-40a175c46425
1678590794569	Marionette	INFO	Stopped listening on port 50407
Dynamically enable window occlusion 1
ng command: "C:\\Program Files\\Mozilla Firefox\\firefox.exe" "--marionette" "--remote-debugging-port" "50516" "--remote-allow-hosts" "localhost" "-no-remote" "-profile" "C:\\Users\\asroc\\AppData\\Local\\Temp\\rust_mozprofileeBW967"
console.warn: services.settings: Ignoring preference override of remote settings server
console.warn: services.settings: Allow by setting MOZ_REMOTE_SETTINGS_DEVTOOLS=1 in the environment
1678590718542	Marionette	INFO	Marionette enabled
Dynamically enable window occlusion 0
1678590718551	Marionette	INFO	Listening on port 50525
Read port: 50525
WebDriver BiDi listening on ws://127.0.0.1:50516
1678590719078	RemoteAgent	WARN	TLS certificate errors will be ignored for this session
console.warn: SearchSettings: "get: No settings file exists, new profile?" (new NotFoundError("Could not open the file at C:\\Users\\asroc\\AppData\\Local\\Temp\\rust_mozprofileeBW967\\search.json.mozlz4", (void 0)))
DevTools listening on ws://127.0.0.1:50516/devtools/browser/6d04fd13-645e-412e-b262-8fa2604d12bd
1678590796056	Marionette	INFO	Stopped listening on port 50525
Dynamically enable window occlusion 1
1678590851922	geckodriver	INFO	Listening on 127.0.0.1:50646
1678590854969	mozrunner::runner	INFO	Running command: "C:\\Program Files\\Mozilla Firefox\\firefox.exe" "--marionette" "--remote-debugging-port" "50647" "--remote-allow-hosts" "localhost" "-no-remote" "-profile" "C:\\Users\\asroc\\AppData\\Local\\Temp\\rust_mozprofilenyXHRM"
console.warn: services.settings: Ignoring preference override of remote settings server
console.warn: services.settings: Allow by setting MOZ_REMOTE_SETTINGS_DEVTOOLS=1 in the environment
1678590855646	Marionette	INFO	Marionette enabled
Dynamically enable window occlusion 0
1678590855656	Marionette	INFO	Listening on port 50656
Read port: 50656
WebDriver BiDi listening on ws://127.0.0.1:50647
1678590856181	RemoteAgent	WARN	TLS certificate errors will be ignored for this session
console.warn: SearchSettings: "get: No settings file exists, new profile?" (new NotFoundError("Could not open the file at C:\\Users\\asroc\\AppData\\Local\\Temp\\rust_mozprofilenyXHRM\\search.json.mozlz4", (void 0)))
DevTools listening on ws://127.0.0.1:50647/devtools/browser/8c3c1868-b11e-4ea1-9744-097d7d93a03c
1678591383589	Marionette	INFO	Stopped listening on port 50656
Dynamically enable window occlusion 1
ng command: "C:\\Program Files\\Mozilla Firefox\\firefox.exe" "--marionette" "--remote-debugging-port" "50739" "--remote-allow-hosts" "localhost" "-no-remote" "-profile" "C:\\Users\\asroc\\AppData\\Local\\Temp\\rust_mozprofiletFIm5b"
console.warn: services.settings: Ignoring preference override of remote settings server
console.warn: services.settings: Allow by setting MOZ_REMOTE_SETTINGS_DEVTOOLS=1 in the environment
1678590919991	Marionette	INFO	Marionette enabled
Dynamically enable window occlusion 0
1678590920001	Marionette	INFO	Listening on port 50751
Read port: 50751
WebDriver BiDi listening on ws://127.0.0.1:50739
1678590920402	RemoteAgent	WARN	TLS certificate errors will be ignored for this session
console.warn: SearchSettings: "get: No settings file exists, new profile?" (new NotFoundError("Could not open the file at C:\\Users\\asroc\\AppData\\Local\\Temp\\rust_mozprofiletFIm5b\\search.json.mozlz4", (void 0)))
DevTools listening on ws://127.0.0.1:50739/devtools/browser/80449a19-0b04-4551-8860-0f56a5620ed5
1678591023349	Marionette	INFO	Stopped listening on port 50751
Dynamically enable window occlusion 1
1678592237923	geckodriver	INFO	Listening on 127.0.0.1:51715
1678592240943	mozrunner::runner	INFO	Running command: "C:\\Program Files\\Mozilla Firefox\\firefox.exe" "--marionette" "--remote-debugging-port" "51716" "--remote-allow-hosts" "localhost" "-no-remote" "-profile" "C:\\Users\\asroc\\AppData\\Local\\Temp\\rust_mozprofile5LupQM"
console.warn: services.settings: Ignoring preference override of remote settings server
console.warn: services.settings: Allow by setting MOZ_REMOTE_SETTINGS_DEVTOOLS=1 in the environment
1678592241745	Marionette	INFO	Marionette enabled
Dynamically enable window occlusion 0
1678592241755	Marionette	INFO	Listening on port 51729
Read port: 51729
WebDriver BiDi listening on ws://127.0.0.1:51716
1678592242266	RemoteAgent	WARN	TLS certificate errors will be ignored for this session
console.warn: SearchSettings: "get: No settings file exists, new profile?" (new NotFoundError("Could not open the file at C:\\Users\\asroc\\AppData\\Local\\Temp\\rust_mozprofile5LupQM\\search.json.mozlz4", (void 0)))
DevTools listening on ws://127.0.0.1:51716/devtools/browser/d11610ad-3bef-4ad0-9dd7-4cae5a1c6da3
console.warn: LoginRecipes: "Falling back to a synchronous message for: https://opensource-demo.orangehrmlive.com."
console.warn: LoginRecipes: "Falling back to a synchronous message for: https://opensource-demo.orangehrmlive.com."
1678592325876	Marionette	INFO	Stopped listening on port 51729
Dynamically enable window occlusion 1
1678592446448	geckodriver	INFO	Listening on 127.0.0.1:51931
1678592449515	mozrunner::runner	INFO	Running command: "C:\\Program Files\\Mozilla Firefox\\firefox.exe" "--marionette" "--remote-debugging-port" "51932" "--remote-allow-hosts" "localhost" "-no-remote" "-profile" "C:\\Users\\asroc\\AppData\\Local\\Temp\\rust_mozprofileZtCnTw"
console.warn: services.settings: Ignoring preference override of remote settings server
console.warn: services.settings: Allow by setting MOZ_REMOTE_SETTINGS_DEVTOOLS=1 in the environment
1678592450202	Marionette	INFO	Marionette enabled
Dynamically enable window occlusion 0
1678592450212	Marionette	INFO	Listening on port 51941
Read port: 51941
WebDriver BiDi listening on ws://127.0.0.1:51932
1678592450687	RemoteAgent	WARN	TLS certificate errors will be ignored for this session
console.warn: SearchSettings: "get: No settings file exists, new profile?" (new NotFoundError("Could not open the file at C:\\Users\\asroc\\AppData\\Local\\Temp\\rust_mozprofileZtCnTw\\search.json.mozlz4", (void 0)))
DevTools listening on ws://127.0.0.1:51932/devtools/browser/5b28be3e-2402-462c-962f-8f9b4576358b
console.warn: LoginRecipes: "Falling back to a synchronous message for: https://opensource-demo.orangehrmlive.com."
console.warn: LoginRecipes: "Falling back to a synchronous message for: https://opensource-demo.orangehrmlive.com."
1678592501830	Marionette	INFO	Stopped listening on port 51941
Dynamically enable window occlusion 1
WARNING: A blocker encountered an error while we were waiting.
          Blocker:  Waiting for ping task
          Phase: TelemetryController: Waiting for pending ping activity
          State: (none)
WARNING: Error: Phase "profile-before-change" is finished, it is too late to register completion condition "OS.File: flush I/O queued before profileBeforeChange"
WARNING: addBlocker@resource://gre/modules/AsyncShutdown.sys.mjs:727:15
addBlocker@resource://gre/modules/AsyncShutdown.sys.mjs:523:26
addBlocker@resource://gre/modules/AsyncShutdown.sys.mjs:458:15
setupShutdown@resource://gre/modules/osfile/osfile_async_front.jsm:1548:28
@resource://gre/modules/osfile/osfile_async_front.jsm:1568:16
@resource://gre/modules/osfile.jsm:12:30
@resource://gre/modules/TelemetryStorage.sys.mjs:10:28
_checkPendingPings@resource://gre/modules/TelemetrySend.sys.mjs:863:17
setup@resource://gre/modules/TelemetrySend.sys.mjs:803:18
setup@resource://gre/modules/TelemetrySend.sys.mjs:241:30
setupTelemetry/this._delayedInitTask<@resource://gre/modules/TelemetryControllerParent.sys.mjs:829:36
observe@resource://gre/modules/AsyncShutdown.sys.mjs:576:16

WARNING: A blocker encountered an error while we were waiting.
          Blocker:  Waiting for ping task
          Phase: TelemetryController: Waiting for pending ping activity
          State: (none)
WARNING: Error: Phase "profile-before-change" is finished, it is too late to register completion condition "OS.File: flush I/O queued before profileBeforeChange"
WARNING: addBlocker@resource://gre/modules/AsyncShutdown.sys.mjs:727:15
addBlocker@resource://gre/modules/AsyncShutdown.sys.mjs:523:26
addBlocker@resource://gre/modules/AsyncShutdown.sys.mjs:458:15
setupShutdown@resource://gre/modules/osfile/osfile_async_front.jsm:1548:28
@resource://gre/modules/osfile/osfile_async_front.jsm:1568:16
@resource://gre/modules/osfile.jsm:12:30
@resource://gre/modules/TelemetryStorage.sys.mjs:10:28
_checkPendingPings@resource://gre/modules/TelemetrySend.sys.mjs:863:17
setup@resource://gre/modules/TelemetrySend.sys.mjs:803:18
setup@resource://gre/modules/TelemetrySend.sys.mjs:241:30
setupTelemetry/this._delayedInitTask<@resource://gre/modules/TelemetryControllerParent.sys.mjs:829:36
observe@resource://gre/modules/AsyncShutdown.sys.mjs:576:16

WARNING: A blocker encountered an error while we were waiting.
          Blocker:  Waiting for ping task
          Phase: TelemetryController: Waiting for pending ping activity
          State: (none)
WARNING: Error: Phase "profile-before-change" is finished, it is too late to register completion condition "OS.File: flush I/O queued before profileBeforeChange"
WARNING: addBlocker@resource://gre/modules/AsyncShutdown.sys.mjs:727:15
addBlocker@resource://gre/modules/AsyncShutdown.sys.mjs:523:26
addBlocker@resource://gre/modules/AsyncShutdown.sys.mjs:458:15
setupShutdown@resource://gre/modules/osfile/osfile_async_front.jsm:1548:28
@resource://gre/modules/osfile/osfile_async_front.jsm:1568:16
@resource://gre/modules/osfile.jsm:12:30
@resource://gre/modules/TelemetryStorage.sys.mjs:10:28
_checkPendingPings@resource://gre/modules/TelemetrySend.sys.mjs:863:17
setup@resource://gre/modules/TelemetrySend.sys.mjs:803:18
setup@resource://gre/modules/TelemetrySend.sys.mjs:241:30
setupTelemetry/this._delayedInitTask<@resource://gre/modules/TelemetryControllerParent.sys.mjs:829:36
observe@resource://gre/modules/AsyncShutdown.sys.mjs:576:16

WARNING: A blocker encountered an error while we were waiting.
          Blocker:  TelemetryController: shutting down
          Phase: profile-before-change-telemetry
          State: Error getting state: Error: Phase "profile-before-change" is finished, it is too late to register completion condition "OS.File: flush I/O queued before profileBeforeChange" at addBlocker@resource://gre/modules/AsyncShutdown.sys.mjs:727:15
addBlocker@resource://gre/modules/AsyncShutdown.sys.mjs:523:26
addBlocker@resource://gre/modules/AsyncShutdown.sys.mjs:458:15
setupShutdown@resource://gre/modules/osfile/osfile_async_front.jsm:1548:28
@resource://gre/modules/osfile/osfile_async_front.jsm:1568:16
@resource://gre/modules/osfile.jsm:12:30
@resource://gre/modules/TelemetryStorage.sys.mjs:10:28
_checkPendingPings@resource://gre/modules/TelemetrySend.sys.mjs:863:17
setup@resource://gre/modules/TelemetrySend.sys.mjs:803:18
setup@resource://gre/modules/TelemetrySend.sys.mjs:241:30
setupTelemetry/this._delayedInitTask<@resource://gre/modules/TelemetryControllerParent.sys.mjs:829:36
observe@resource://gre/modules/AsyncShutdown.sys.mjs:576:16

WARNING: Error: Phase "profile-before-change" is finished, it is too late to register completion condition "OS.File: flush I/O queued before profileBeforeChange"
WARNING: addBlocker@resource://gre/modules/AsyncShutdown.sys.mjs:727:15
addBlocker@resource://gre/modules/AsyncShutdown.sys.mjs:523:26
addBlocker@resource://gre/modules/AsyncShutdown.sys.mjs:458:15
setupShutdown@resource://gre/modules/osfile/osfile_async_front.jsm:1548:28
@resource://gre/modules/osfile/osfile_async_front.jsm:1568:16
@resource://gre/modules/osfile.jsm:12:30
@resource://gre/modules/TelemetryStorage.sys.mjs:10:28
_checkPendingPings@resource://gre/modules/TelemetrySend.sys.mjs:863:17
setup@resource://gre/modules/TelemetrySend.sys.mjs:803:18
setup@resource://gre/modules/TelemetrySend.sys.mjs:241:30
setupTelemetry/this._delayedInitTask<@resource://gre/modules/TelemetryControllerParent.sys.mjs:829:36
observe@resource://gre/modules/AsyncShutdown.sys.mjs:576:16

JavaScript error: resource://gre/modules/AsyncShutdown.sys.mjs, line 727: Error: Phase "profile-before-change" is finished, it is too late to register completion condition "OS.File: flush I/O queued before profileBeforeChange"
JavaScript error: resource://gre/modules/AsyncShutdown.sys.mjs, line 727: Error: Phase "profile-before-change" is finished, it is too late to register completion condition "OS.File: flush I/O queued before profileBeforeChange"
JavaScript error: resource://gre/modules/AsyncShutdown.sys.mjs, line 727: Error: Phase "profile-before-change" is finished, it is too late to register completion condition "OS.File: flush I/O queued before profileBeforeChange"
JavaScript error: resource://gre/modules/AsyncShutdown.sys.mjs, line 727: Error: Phase "profile-before-change" is finished, it is too late to register completion condition "OS.File: flush I/O queued before profileBeforeChange"
JavaScript error: resource://gre/modules/AsyncShutdown.sys.mjs, line 727: Error: Phase "profile-before-change" is finished, it is too late to register completion condition "OS.File: flush I/O queued before profileBeforeChange"
JavaScript error: resource://gre/modules/AsyncShutdown.sys.mjs, line 727: Error: Phase "profile-before-change" is finished, it is too late to register completion condition "OS.File: flush I/O queued before profileBeforeChange"
1678593059265	geckodriver	INFO	Listening on 127.0.0.1:52164
1678593062309	mozrunner::runner	INFO	Running command: "C:\\Program Files\\Mozilla Firefox\\firefox.exe" "--marionette" "--remote-debugging-port" "52165" "--remote-allow-hosts" "localhost" "-no-remote" "-profile" "C:\\Users\\asroc\\AppData\\Local\\Temp\\rust_mozprofilezR9oDP"
console.warn: services.settings: Ignoring preference override of remote settings server
console.warn: services.settings: Allow by setting MOZ_REMOTE_SETTINGS_DEVTOOLS=1 in the environment
1678593063008	Marionette	INFO	Marionette enabled
Dynamically enable window occlusion 0
1678593063017	Marionette	INFO	Listening on port 52173
Read port: 52173
WebDriver BiDi listening on ws://127.0.0.1:52165
1678593063403	RemoteAgent	WARN	TLS certificate errors will be ignored for this session
console.warn: SearchSettings: "get: No settings file exists, new profile?" (new NotFoundError("Could not open the file at C:\\Users\\asroc\\AppData\\Local\\Temp\\rust_mozprofilezR9oDP\\search.json.mozlz4", (void 0)))
DevTools listening on ws://127.0.0.1:52165/devtools/browser/701f0535-18f4-4eb1-b7b7-d41b61504a79
console.warn: LoginRecipes: "Falling back to a synchronous message for: https://opensource-demo.orangehrmlive.com."
console.warn: LoginRecipes: "Falling back to a synchronous message for: https://opensource-demo.orangehrmlive.com."
1678593162967	Marionette	INFO	Stopped listening on port 52173
Dynamically enable window occlusion 1
1678641900525	geckodriver	INFO	Listening on 127.0.0.1:54779
1678641903590	mozrunner::runner	INFO	Running command: "C:\\Program Files\\Mozilla Firefox\\firefox.exe" "--marionette" "--remote-debugging-port" "54780" "--remote-allow-hosts" "localhost" "-no-remote" "-profile" "C:\\Users\\asroc\\AppData\\Local\\Temp\\rust_mozprofileU6rcFt"
console.warn: services.settings: Ignoring preference override of remote settings server
console.warn: services.settings: Allow by setting MOZ_REMOTE_SETTINGS_DEVTOOLS=1 in the environment
1678641904319	Marionette	INFO	Marionette enabled
Dynamically enable window occlusion 0
1678641904329	Marionette	INFO	Listening on port 54788
Read port: 54788
WebDriver BiDi listening on ws://127.0.0.1:54780
1678641904851	RemoteAgent	WARN	TLS certificate errors will be ignored for this session
console.warn: SearchSettings: "get: No settings file exists, new profile?" (new NotFoundError("Could not open the file at C:\\Users\\asroc\\AppData\\Local\\Temp\\rust_mozprofileU6rcFt\\search.json.mozlz4", (void 0)))
DevTools listening on ws://127.0.0.1:54780/devtools/browser/a6cbc539-6410-470c-b4d9-aa5a7879ae94
console.warn: LoginRecipes: "Falling back to a synchronous message for: https://opensource-demo.orangehrmlive.com."
console.warn: LoginRecipes: "Falling back to a synchronous message for: https://opensource-demo.orangehrmlive.com."
JavaScript error: , line 0: NS_ERROR_NOT_AVAILABLE
1678643442862	Marionette	INFO	Stopped listening on port 54788
Dynamically enable window occlusion 1
ng command: "C:\\Program Files\\Mozilla Firefox\\firefox.exe" "--marionette" "--remote-debugging-port" "55774" "--remote-allow-hosts" "localhost" "-no-remote" "-profile" "C:\\Users\\asroc\\AppData\\Local\\Temp\\rust_mozprofilebxGTnd"
console.warn: services.settings: Ignoring preference override of remote settings server
console.warn: services.settings: Allow by setting MOZ_REMOTE_SETTINGS_DEVTOOLS=1 in the environment
1678642909381	Marionette	INFO	Marionette enabled
Dynamically enable window occlusion 0
1678642909390	Marionette	INFO	Listening on port 55783
Read port: 55783
WebDriver BiDi listening on ws://127.0.0.1:55774
1678642909816	RemoteAgent	WARN	TLS certificate errors will be ignored for this session
console.warn: SearchSettings: "get: No settings file exists, new profile?" (new NotFoundError("Could not open the file at C:\\Users\\asroc\\AppData\\Local\\Temp\\rust_mozprofilebxGTnd\\search.json.mozlz4", (void 0)))
DevTools listening on ws://127.0.0.1:55774/devtools/browser/59d7d038-db5c-4b75-b6d9-055aa37ee4d2
console.warn: LoginRecipes: "Falling back to a synchronous message for: https://opensource-demo.orangehrmlive.com."
console.warn: LoginRecipes: "Falling back to a synchronous message for: https://opensource-demo.orangehrmlive.com."
1678643439805	Marionette	INFO	Stopped listening on port 55783
Dynamically enable window occlusion 1
ng command: "C:\\Program Files\\Mozilla Firefox\\firefox.exe" "--marionette" "--remote-debugging-port" "55868" "--remote-allow-hosts" "localhost" "-no-remote" "-profile" "C:\\Users\\asroc\\AppData\\Local\\Temp\\rust_mozprofileDEbX9w"
console.warn: services.settings: Ignoring preference override of remote settings server
console.warn: services.settings: Allow by setting MOZ_REMOTE_SETTINGS_DEVTOOLS=1 in the environment
1678642991583	Marionette	INFO	Marionette enabled
Dynamically enable window occlusion 0
1678642991593	Marionette	INFO	Listening on port 55879
Read port: 55879
WebDriver BiDi listening on ws://127.0.0.1:55868
1678642992027	RemoteAgent	WARN	TLS certificate errors will be ignored for this session
console.warn: SearchSettings: "get: No settings file exists, new profile?" (new NotFoundError("Could not open the file at C:\\Users\\asroc\\AppData\\Local\\Temp\\rust_mozprofileDEbX9w\\search.json.mozlz4", (void 0)))
DevTools listening on ws://127.0.0.1:55868/devtools/browser/18f2030d-03f0-4406-b6ac-a581564b57fe
console.warn: LoginRecipes: "Falling back to a synchronous message for: https://opensource-demo.orangehrmlive.com."
console.warn: LoginRecipes: "Falling back to a synchronous message for: https://opensource-demo.orangehrmlive.com."
1678643435096	Marionette	INFO	Stopped listening on port 55879
Dynamically enable window occlusion 1
